==============================================================================
20170203 14:40:47.421 - INFO - + START SUITE: Acceptancetest [ ]
==============================================================================
20170203 14:40:47.775 - INFO - +- START SUITE: Acceptancetest.CSV-JSONConversion [ ]
==============================================================================
20170203 14:40:47.784 - INFO - +-- START TEST: CSV to JSON to CSV Yields Original [ ]
------------------------------------------------------------------------------
20170203 14:40:47.792 - INFO - +--- START KW: OperatingSystem.Get File [ src/test/resources/grades.csv ]
20170203 14:40:47.809 - INFO - ${contents} = "ID","Total","Assignment 1","Assignment 2","Exam 1"
"111278","611","146","128","337"
"111352","867","227","228","412"
"111373","461","96","90","275"
"111305","835","220","217","398"
"111399","898","22...
20170203 14:40:47.814 - INFO - +--- END KW: OperatingSystem.Get File (20)
~~~~~~~~~~~~~~~~~~~~~~~~~~~~~~~~~~~~~~~~~~~~~~~~~~~~~~~~~~~~~~~~~~~~~~~~~~~~~~
20170203 14:40:47.816 - INFO - +--- START KW: keywords.ConverterKeywords.Convert To Json [ ${contents} ]
20170203 14:40:47.833 - INFO - ${json} = {"rowHeaders":["111278","111352","111373","111305","111399","111160","111276","111241"],"data":[[611,146,128,337],[867,227,228,412],[461,96,90,275],[835,220,217,398],[898,226,229,443],[454,77,125,252]...
20170203 14:40:47.835 - INFO - +--- END KW: keywords.ConverterKeywords.Convert To Json (18)
~~~~~~~~~~~~~~~~~~~~~~~~~~~~~~~~~~~~~~~~~~~~~~~~~~~~~~~~~~~~~~~~~~~~~~~~~~~~~~
20170203 14:40:47.837 - INFO - +--- START KW: keywords.ConverterKeywords.Convert To Csv [ ${json} ]
20170203 14:40:47.851 - INFO - ${csv} = "ID","Total","Assignment 1","Assignment 2","Exam 1"
"111278","611","146","128","337"
"111352","867","227","228","412"
"111373","461","96","90","275"
"111305","835","220","217","398"
"111399","898","22...
20170203 14:40:47.854 - INFO - +--- END KW: keywords.ConverterKeywords.Convert To Csv (17)
~~~~~~~~~~~~~~~~~~~~~~~~~~~~~~~~~~~~~~~~~~~~~~~~~~~~~~~~~~~~~~~~~~~~~~~~~~~~~~
20170203 14:40:47.856 - INFO - +--- START KW: BuiltIn.Should Be Equal [ ${contents} | ${csv} ]
20170203 14:40:47.865 - INFO - +--- END KW: BuiltIn.Should Be Equal (8)
------------------------------------------------------------------------------
20170203 14:40:47.871 - INFO - +-- END TEST: CSV to JSON to CSV Yields Original (86)
------------------------------------------------------------------------------
20170203 14:40:47.874 - INFO - +-- START TEST: JSON to CSV to JSON Yields Original [ ]
------------------------------------------------------------------------------
20170203 14:40:47.880 - INFO - +--- START KW: OperatingSystem.Get File [ src/test/resources/grades.json ]
20170203 14:40:47.891 - INFO - ${contents} = {
    "colHeaders":["Total","Assignment 1","Assignment 2","Exam 1"],
    "rowHeaders":["111278","111352","111373","111305","111399","111160","111276","111241"],
    "data":[[611,146,128,337],
        ...
20170203 14:40:47.895 - INFO - +--- END KW: OperatingSystem.Get File (13)
~~~~~~~~~~~~~~~~~~~~~~~~~~~~~~~~~~~~~~~~~~~~~~~~~~~~~~~~~~~~~~~~~~~~~~~~~~~~~~
20170203 14:40:47.899 - INFO - +--- START KW: keywords.ConverterKeywords.Convert To Csv [ ${contents} ]
20170203 14:40:47.908 - INFO - ${csv} = "ID","Total","Assignment 1","Assignment 2","Exam 1"
"111278","611","146","128","337"
"111352","867","227","228","412"
"111373","461","96","90","275"
"111305","835","220","217","398"
"111399","898","22...
20170203 14:40:47.911 - INFO - +--- END KW: keywords.ConverterKeywords.Convert To Csv (14)
~~~~~~~~~~~~~~~~~~~~~~~~~~~~~~~~~~~~~~~~~~~~~~~~~~~~~~~~~~~~~~~~~~~~~~~~~~~~~~
20170203 14:40:47.915 - INFO - +--- START KW: keywords.ConverterKeywords.Convert To Json [ ${csv} ]
20170203 14:40:47.921 - INFO - ${json} = {"rowHeaders":["111278","111352","111373","111305","111399","111160","111276","111241"],"data":[[611,146,128,337],[867,227,228,412],[461,96,90,275],[835,220,217,398],[898,226,229,443],[454,77,125,252]...
20170203 14:40:47.924 - INFO - +--- END KW: keywords.ConverterKeywords.Convert To Json (10)
~~~~~~~~~~~~~~~~~~~~~~~~~~~~~~~~~~~~~~~~~~~~~~~~~~~~~~~~~~~~~~~~~~~~~~~~~~~~~~
20170203 14:40:47.926 - INFO - +--- START KW: keywords.ConverterKeywords.Json Strings Are Equal [ ${contents} | ${json} ]
20170203 14:40:47.933 - INFO - ${same} = True
20170203 14:40:47.936 - INFO - +--- END KW: keywords.ConverterKeywords.Json Strings Are Equal (10)
~~~~~~~~~~~~~~~~~~~~~~~~~~~~~~~~~~~~~~~~~~~~~~~~~~~~~~~~~~~~~~~~~~~~~~~~~~~~~~
20170203 14:40:47.938 - INFO - +--- START KW: BuiltIn.Should Be True [ ${same} ]
20170203 14:40:47.945 - INFO - +--- END KW: BuiltIn.Should Be True (6)
------------------------------------------------------------------------------
20170203 14:40:47.951 - INFO - +-- END TEST: JSON to CSV to JSON Yields Original (74)
------------------------------------------------------------------------------
20170203 14:40:47.961 - INFO - +- END SUITE: Acceptancetest.CSV-JSONConversion (526)
==============================================================================
20170203 14:40:47.976 - INFO - + END SUITE: Acceptancetest (961)
==============================================================================
